生成启动时间为 2015/3/6 9:37:30。
     1>项目“D:\用户目录\我的文档\Visual Studio 2012\Projects\MoveSquare\MoveSquare\MoveSquare.vcxproj”在节点 2 上(Build 个目标)。
     1>ClCompile:
         D:\Program Files\Microsoft Visual Studio 11.0\VC\bin\CL.exe /c /ZI /nologo /W3 /WX- /Od /Oy- /D _MBCS /Gm /EHsc /RTC1 /MDd /GS /fp:precise /Zc:wchar_t /Zc:forScope /Fo"Debug\\" /Fd"Debug\vc110.pdb" /Gd /TP /analyze- /errorReport:prompt DirectInput.cpp MoveSquare.cpp d3d9App.cpp
         d3d9App.cpp
         c:\program files (x86)\microsoft directx sdk (june 2010)\include\dinput.h: DIRECTINPUT_VERSION undefined. Defaulting to version 0x0800
         正在生成代码...
         正在编译...
         DirectInput.cpp
         c:\program files (x86)\microsoft directx sdk (june 2010)\include\dinput.h: DIRECTINPUT_VERSION undefined. Defaulting to version 0x0800
         正在生成代码...
         正在跳过...(未检测到相关更改)
         MoveSquare.cpp
       Link:
         D:\Program Files\Microsoft Visual Studio 11.0\VC\bin\link.exe /ERRORREPORT:PROMPT /OUT:"D:\用户目录\我的文档\Visual Studio 2012\Projects\MoveSquare\Debug\MoveSquare.exe" /INCREMENTAL /NOLOGO /LIBPATH:"C:\Program Files (x86)\Microsoft DirectX SDK (June 2010)\Lib\x86" d3d9.lib d3dx9.lib winmm.lib dxguid.lib DxErr.lib dinput8.lib kernel32.lib user32.lib gdi32.lib winspool.lib comdlg32.lib advapi32.lib shell32.lib ole32.lib oleaut32.lib uuid.lib odbc32.lib odbccp32.lib kernel32.lib user32.lib gdi32.lib winspool.lib comdlg32.lib advapi32.lib shell32.lib ole32.lib oleaut32.lib uuid.lib odbc32.lib odbccp32.lib /MANIFEST /MANIFESTUAC:"level='asInvoker' uiAccess='false'" /manifest:embed /DEBUG /PDB:"D:\用户目录\我的文档\Visual Studio 2012\Projects\MoveSquare\Debug\MoveSquare.pdb" /TLBID:1 /DYNAMICBASE /NXCOMPAT /IMPLIB:"D:\用户目录\我的文档\Visual Studio 2012\Projects\MoveSquare\Debug\MoveSquare.lib" /MACHINE:X86 Debug\d3d9App.obj
         Debug\DirectInput.obj
         Debug\MoveSquare.obj
         MoveSquare.vcxproj -> D:\用户目录\我的文档\Visual Studio 2012\Projects\MoveSquare\Debug\MoveSquare.exe
     1>已完成生成项目“D:\用户目录\我的文档\Visual Studio 2012\Projects\MoveSquare\MoveSquare\MoveSquare.vcxproj”(Build 个目标)的操作。

生成成功。

已用时间 00:00:03.74
